<?xml version="1.0" encoding="UTF-8"?>
<!-- Generated by org.testng.reporters.JUnitReportReporter -->
<testsuite hostname="ip-10-64-253-203.ec2.internal" failures="0" tests="1" name="TestCases.CartPageTestCases" time="26.419" errors="0" timestamp="2024-01-03T13:38:44 PST" skipped="0">
  <testcase classname="TestCases.CartPageTestCases" name="verifyAddedItems" time="26.419"/>
  <system-out/>
</testsuite> <!-- TestCases.CartPageTestCases -->
