<?xml version="1.0" encoding="UTF-8"?>
<!-- Generated by org.testng.reporters.JUnitReportReporter -->
<testsuite hostname="ip-10-64-239-106.ec2.internal" failures="0" tests="3" name="TestCases.ProductPageTestCases" time="39.072" errors="0" timestamp="2024-01-02T22:00:17 PST" skipped="0">
  <testcase classname="TestCases.ProductPageTestCases" name="selectingDropboxOption" time="4.612"/>
  <system-out/>
  <testcase classname="TestCases.ProductPageTestCases" name="checkTextandLink" time="21.670"/>
  <system-out/>
  <testcase classname="TestCases.ProductPageTestCases" name="addToCartMutipleItems" time="12.790"/>
  <system-out/>
</testsuite> <!-- TestCases.ProductPageTestCases -->
