<?xml version="1.0" encoding="UTF-8"?>
<!-- Generated by org.testng.reporters.JUnitReportReporter -->
<testsuite hostname="ip-10-64-253-203.ec2.internal" failures="0" tests="2" name="TestCases.ProductPageTestCases" time="57.585" errors="0" timestamp="2024-01-22T09:05:04 PST" skipped="0">
  <testcase classname="TestCases.ProductPageTestCases" name="selectingDropboxOption" time="4.602"/>
  <system-out/>
  <testcase classname="TestCases.ProductPageTestCases" name="checkBurgerBtnOptions" time="52.983"/>
  <system-out/>
</testsuite> <!-- TestCases.ProductPageTestCases -->
