<?xml version="1.0" encoding="UTF-8"?>
<!-- Generated by org.testng.reporters.JUnitReportReporter -->
<testsuite hostname="Davinders-MacBook-Air-2.local" failures="0" tests="1" name="TestCases.Test1" time="4.877" errors="0" timestamp="2023-09-11T17:16:31 PDT" skipped="0">
  <testcase classname="TestCases.Test1" name="shopping" time="4.877"/>
  <system-out/>
</testsuite> <!-- TestCases.Test1 -->
