<?xml version="1.0" encoding="UTF-8"?>
<!-- Generated by org.testng.reporters.JUnitReportReporter -->
<testsuite hostname="ip-10-64-253-203.ec2.internal" failures="0" tests="1" name="TestCases.ProductDetailPageTestCases" time="7.817" errors="0" timestamp="2024-01-03T09:14:30 PST" skipped="0">
  <testcase classname="TestCases.ProductDetailPageTestCases" name="loginAndSelectItems" time="7.817"/>
  <system-out/>
</testsuite> <!-- TestCases.ProductDetailPageTestCases -->
