<?xml version="1.0" encoding="UTF-8"?>
<!-- Generated by org.testng.reporters.JUnitReportReporter -->
<testsuite hostname="ip-10-64-253-203.ec2.internal" failures="0" tests="1" name="TestCases.LoginTestCases" time="2.178" errors="0" timestamp="2024-01-03T12:16:57 PST" skipped="0">
  <testcase classname="TestCases.LoginTestCases" name="enterValidUsernameAndPassword" time="2.178"/>
  <system-out/>
</testsuite> <!-- TestCases.LoginTestCases -->
